<?xml version="1.0" encoding="UTF-8"?>
<!-- Generated by org.testng.reporters.JUnitXMLReporter -->
<testsuite ignored="0" hostname="DESKTOP-A24CO29" failures="0" tests="3" name="Test" time="49.39" errors="0" timestamp="2024-03-08T17:50:11 IST">
  <testcase classname="Framework_test.Automation_framework.LoginTest" name="logininvalidpassword" time="0.661"/>
  <testcase classname="Framework_test.Automation_framework.LoginTest" name="loginusername" time="0.383"/>
  <testcase classname="Framework_test.Automation_framework.E2Etest" name="login" time="36.452"/>
</testsuite> <!-- Test -->
