<?xml version="1.0" encoding="UTF-8"?>
<testng-results ignored="0" total="1" passed="1" failed="0" skipped="0">
  <reporter-output>
  </reporter-output>
  <suite started-at="2024-03-11T22:47:31 IST" name="Default suite" finished-at="2024-03-11T22:47:37 IST" duration-ms="6299">
    <groups>
    </groups>
    <test started-at="2024-03-11T22:47:31 IST" name="Default test" finished-at="2024-03-11T22:47:37 IST" duration-ms="6299">
      <class name="practise.Table_practise">
        <test-method signature="scroll()[pri:0, instance:practise.Table_practise@4c1909a3]" started-at="2024-03-11T22:47:31 IST" name="scroll" finished-at="2024-03-11T22:47:37 IST" duration-ms="6254" status="PASS">
          <reporter-output>
          </reporter-output>
        </test-method> <!-- scroll -->
      </class> <!-- practise.Table_practise -->
    </test> <!-- Default test -->
  </suite> <!-- Default suite -->
</testng-results>
